<?xml version="1.0" encoding="UTF-8"?>
<testng-results ignored="0" total="1" passed="1" failed="0" skipped="0">
  <reporter-output>
  </reporter-output>
  <suite started-at="2022-03-23T18:21:07 IST" name="Default suite" finished-at="2022-03-23T18:21:07 IST" duration-ms="76">
    <groups>
    </groups>
    <test started-at="2022-03-23T18:21:07 IST" name="Default test" finished-at="2022-03-23T18:21:07 IST" duration-ms="76">
      <class name="seleniumframeworkJava.loop1">
        <test-method is-config="true" signature="whileloop()[pri:0, instance:seleniumframeworkJava.loop1@534a5a98]" started-at="2022-03-23T18:21:07 IST" name="whileloop" finished-at="2022-03-23T18:21:07 IST" duration-ms="10" status="PASS">
          <reporter-output>
          </reporter-output>
        </test-method> <!-- whileloop -->
        <test-method signature="ifandelse()[pri:0, instance:seleniumframeworkJava.loop1@534a5a98]" started-at="2022-03-23T18:21:07 IST" name="ifandelse" finished-at="2022-03-23T18:21:07 IST" duration-ms="9" status="PASS">
          <reporter-output>
          </reporter-output>
        </test-method> <!-- ifandelse -->
        <test-method is-config="true" signature="forloop()[pri:0, instance:seleniumframeworkJava.loop1@534a5a98]" started-at="2022-03-23T18:21:07 IST" name="forloop" finished-at="2022-03-23T18:21:07 IST" duration-ms="1" status="PASS">
          <reporter-output>
          </reporter-output>
        </test-method> <!-- forloop -->
      </class> <!-- seleniumframeworkJava.loop1 -->
    </test> <!-- Default test -->
  </suite> <!-- Default suite -->
</testng-results>
